2025-11-30 19:32:35,328 - INFO - 
======================================================================
2025-11-30 19:32:35,330 - INFO - 📋 BACKUPS DISPONÍVEIS
2025-11-30 19:32:35,330 - INFO - ======================================================================
2025-11-30 19:32:35,335 - INFO - Nenhum backup encontrado.
2025-11-30 19:32:42,059 - INFO - 
======================================================================
2025-11-30 19:32:42,059 - INFO - 📋 BACKUPS DISPONÍVEIS
2025-11-30 19:32:42,062 - INFO - ======================================================================
2025-11-30 19:32:42,086 - INFO - Nenhum backup encontrado.
2025-11-30 19:32:46,233 - INFO - ======================================================================
2025-11-30 19:32:46,239 - INFO - 🔐 INICIANDO BACKUP AUTOMÁTICO
2025-11-30 19:32:46,239 - INFO - ======================================================================
2025-11-30 19:32:46,241 - INFO - 📅 Data/Hora: 30/11/2025 19:32:46
2025-11-30 19:32:46,249 - INFO - 📂 Destino: C:\Users\kleiv\Music\App - Simplifica Finanças\backups
2025-11-30 19:32:46,249 - INFO - 
2025-11-30 19:32:46,251 - INFO - 📊 Iniciando backup do banco de dados...
2025-11-30 19:32:47,808 - INFO -    ✓ Banco exportado: 10.68 KB
2025-11-30 19:32:47,814 - INFO - 📁 Iniciando backup de arquivos...
2025-11-30 19:32:48,808 - WARNING -    ⚠ Item não encontrado: static
2025-11-30 19:32:48,953 - INFO -    ✓ 6 itens copiados
2025-11-30 19:32:48,956 - INFO - 📦 Compactando backup...
2025-11-30 19:32:50,353 - INFO -    ✓ Arquivo criado: backup_20251130_193246.zip
2025-11-30 19:32:50,359 - INFO - 🧹 Limpando backups antigos...
2025-11-30 19:32:50,400 - INFO -    ✓ Backups mantidos: 1
2025-11-30 19:32:50,439 - INFO - 
2025-11-30 19:32:50,459 - INFO - ======================================================================
2025-11-30 19:32:50,467 - INFO - ✅ BACKUP CONCLUÍDO COM SUCESSO!
2025-11-30 19:32:50,470 - INFO - ======================================================================
2025-11-30 19:32:50,560 - INFO - 📦 Arquivo: backup_20251130_193246.zip
2025-11-30 19:32:50,577 - INFO - 💾 Tamanho: 46.24 KB
2025-11-30 19:32:50,607 - INFO - 
2025-11-30 19:33:26,401 - INFO - ======================================================================
2025-11-30 19:33:26,402 - INFO - 🔐 INICIANDO BACKUP AUTOMÁTICO
2025-11-30 19:33:26,402 - INFO - ======================================================================
2025-11-30 19:33:26,404 - INFO - 📅 Data/Hora: 30/11/2025 19:33:26
2025-11-30 19:33:26,406 - INFO - 📂 Destino: C:\Users\kleiv\Music\App - Simplifica Finanças\backups
2025-11-30 19:33:26,406 - INFO - 
2025-11-30 19:33:26,409 - INFO - 📊 Iniciando backup do banco de dados...
2025-11-30 19:33:26,776 - INFO -    ✓ Banco exportado: 10.68 KB
2025-11-30 19:33:26,778 - INFO - 📁 Iniciando backup de arquivos...
2025-11-30 19:33:26,844 - WARNING -    ⚠ Item não encontrado: static
2025-11-30 19:33:26,910 - INFO -    ✓ 6 itens copiados
2025-11-30 19:33:26,916 - INFO - 📦 Compactando backup...
2025-11-30 19:33:27,775 - INFO -    ✓ Arquivo criado: backup_20251130_193326.zip
2025-11-30 19:33:27,779 - INFO - 🧹 Limpando backups antigos...
2025-11-30 19:33:27,783 - INFO -    ✓ Backups mantidos: 2
2025-11-30 19:33:27,869 - INFO - 
2025-11-30 19:33:27,875 - INFO - ======================================================================
2025-11-30 19:33:27,880 - INFO - ✅ BACKUP CONCLUÍDO COM SUCESSO!
2025-11-30 19:33:27,882 - INFO - ======================================================================
2025-11-30 19:33:27,883 - INFO - 📦 Arquivo: backup_20251130_193326.zip
2025-11-30 19:33:27,883 - INFO - 💾 Tamanho: 46.24 KB
2025-11-30 19:33:27,917 - INFO - 
2025-11-30 19:42:14,066 - INFO - 
======================================================================
2025-11-30 19:42:14,067 - INFO - 📋 BACKUPS DISPONÍVEIS
2025-11-30 19:42:14,076 - INFO - ======================================================================
2025-11-30 19:42:14,078 - INFO - 1. backup_20251130_193326.zip
2025-11-30 19:42:14,091 - INFO -    📅 Data: 30/11/2025 19:33:27
2025-11-30 19:42:14,093 - INFO -    💾 Tamanho: 46.24 KB
2025-11-30 19:42:14,099 - INFO - 
2025-11-30 19:42:14,101 - INFO - 2. backup_20251130_193246.zip
2025-11-30 19:42:14,103 - INFO -    📅 Data: 30/11/2025 19:32:50
2025-11-30 19:42:14,103 - INFO -    💾 Tamanho: 46.24 KB
2025-11-30 19:42:14,105 - INFO - 
2025-11-30 19:42:14,105 - INFO - Total: 2 backup(s) | 92.47 KB
2025-11-30 19:42:14,111 - INFO - ======================================================================

2025-11-30 19:42:29,058 - INFO - 🧹 Limpando backups antigos...
2025-11-30 19:42:29,061 - INFO -    ✓ Backups mantidos: 2
2025-11-30 19:42:31,743 - INFO - 
======================================================================
2025-11-30 19:42:31,744 - INFO - 📋 BACKUPS DISPONÍVEIS
2025-11-30 19:42:31,744 - INFO - ======================================================================
2025-11-30 19:42:31,746 - INFO - 1. backup_20251130_193326.zip
2025-11-30 19:42:31,780 - INFO -    📅 Data: 30/11/2025 19:33:27
2025-11-30 19:42:31,784 - INFO -    💾 Tamanho: 46.24 KB
2025-11-30 19:42:31,784 - INFO - 
2025-11-30 19:42:31,786 - INFO - 2. backup_20251130_193246.zip
2025-11-30 19:42:31,789 - INFO -    📅 Data: 30/11/2025 19:32:50
2025-11-30 19:42:31,789 - INFO -    💾 Tamanho: 46.24 KB
2025-11-30 19:42:31,799 - INFO - 
2025-11-30 19:42:31,799 - INFO - Total: 2 backup(s) | 92.47 KB
2025-11-30 19:42:31,801 - INFO - ======================================================================

2025-11-30 19:44:28,555 - INFO - 🧹 Limpando backups antigos...
2025-11-30 19:44:28,568 - INFO -    ✓ Backups mantidos: 2
2025-11-30 19:44:50,306 - INFO - 
======================================================================
2025-11-30 19:44:50,306 - INFO - 📋 BACKUPS DISPONÍVEIS
2025-11-30 19:44:50,306 - INFO - ======================================================================
2025-11-30 19:44:50,311 - INFO - 1. backup_20251130_193326.zip
2025-11-30 19:44:50,311 - INFO -    📅 Data: 30/11/2025 19:33:27
2025-11-30 19:44:50,315 - INFO -    💾 Tamanho: 46.24 KB
2025-11-30 19:44:50,351 - INFO - 
2025-11-30 19:44:50,353 - INFO - 2. backup_20251130_193246.zip
2025-11-30 19:44:50,353 - INFO -    📅 Data: 30/11/2025 19:32:50
2025-11-30 19:44:50,354 - INFO -    💾 Tamanho: 46.24 KB
2025-11-30 19:44:50,355 - INFO - 
2025-11-30 19:44:50,363 - INFO - Total: 2 backup(s) | 92.47 KB
2025-11-30 19:44:50,363 - INFO - ======================================================================

2025-11-30 19:45:00,754 - INFO - ======================================================================
2025-11-30 19:45:00,754 - INFO - 🔄 RESTAURANDO BACKUP
2025-11-30 19:45:00,754 - INFO - ======================================================================
2025-11-30 19:45:00,754 - ERROR - ❌ Backup não encontrado: nao
2025-11-30 19:45:45,545 - INFO - ======================================================================
2025-11-30 19:45:45,545 - INFO - 🔐 INICIANDO BACKUP AUTOMÁTICO
2025-11-30 19:45:45,547 - INFO - ======================================================================
2025-11-30 19:45:45,547 - INFO - 📅 Data/Hora: 30/11/2025 19:45:45
2025-11-30 19:45:45,549 - INFO - 📂 Destino: C:\Users\kleiv\Music\App - Simplifica Finanças\backups
2025-11-30 19:45:45,550 - INFO - 
2025-11-30 19:45:45,551 - INFO - 📊 Iniciando backup do banco de dados...
2025-11-30 19:45:46,138 - INFO -    ✓ Banco exportado: 10.68 KB
2025-11-30 19:45:46,155 - INFO - 📁 Iniciando backup de arquivos...
2025-11-30 19:45:46,251 - WARNING -    ⚠ Item não encontrado: static
2025-11-30 19:45:46,283 - INFO -    ✓ 6 itens copiados
2025-11-30 19:45:46,285 - INFO - 📦 Compactando backup...
2025-11-30 19:45:47,536 - INFO -    ✓ Arquivo criado: backup_20251130_194545.zip
2025-11-30 19:45:47,546 - INFO - 🧹 Limpando backups antigos...
2025-11-30 19:45:47,552 - INFO -    ✓ Backups mantidos: 1
2025-11-30 19:45:47,645 - INFO - 
2025-11-30 19:45:47,655 - INFO - ======================================================================
2025-11-30 19:45:47,658 - INFO - ✅ BACKUP CONCLUÍDO COM SUCESSO!
2025-11-30 19:45:47,662 - INFO - ======================================================================
2025-11-30 19:45:47,662 - INFO - 📦 Arquivo: backup_20251130_194545.zip
2025-11-30 19:45:47,664 - INFO - 💾 Tamanho: 46.30 KB
2025-11-30 19:45:47,669 - INFO - 
2025-11-30 20:00:24,880 - INFO - ======================================================================
2025-11-30 20:00:24,940 - INFO - 🔐 INICIANDO BACKUP AUTOMÁTICO
2025-11-30 20:00:25,001 - INFO - ======================================================================
2025-11-30 20:00:25,069 - INFO - 📅 Data/Hora: 30/11/2025 20:00:25
2025-11-30 20:00:25,123 - INFO - 📂 Destino: C:\Users\kleiv\Music\App - Simplifica Finanças\backups
2025-11-30 20:00:25,203 - INFO - 
2025-11-30 20:00:25,255 - INFO - 📊 Iniciando backup do banco de dados...
2025-11-30 20:00:26,906 - INFO -    ✓ Banco exportado: 10.68 KB
2025-11-30 20:00:26,949 - INFO - 📁 Iniciando backup de arquivos...
2025-11-30 20:00:27,035 - WARNING -    ⚠ Item não encontrado: static
2025-11-30 20:00:27,073 - INFO -    ✓ 6 itens copiados
2025-11-30 20:00:27,105 - INFO - 📦 Compactando backup...
2025-11-30 20:00:29,048 - INFO -    ✓ Arquivo criado: backup_20251130_200024.zip
2025-11-30 20:00:29,080 - INFO - 🧹 Limpando backups antigos...
2025-11-30 20:00:29,084 - INFO -    ✓ Backups mantidos: 2
2025-11-30 20:00:29,132 - INFO - 
2025-11-30 20:00:29,144 - INFO - ======================================================================
2025-11-30 20:00:29,146 - INFO - ✅ BACKUP CONCLUÍDO COM SUCESSO!
2025-11-30 20:00:29,187 - INFO - ======================================================================
2025-11-30 20:00:29,230 - INFO - 📦 Arquivo: backup_20251130_200024.zip
2025-11-30 20:00:29,236 - INFO - 💾 Tamanho: 46.30 KB
2025-11-30 20:00:29,247 - INFO - 
2025-11-30 20:14:03,679 - INFO - ======================================================================
2025-11-30 20:14:03,682 - INFO - 🔐 INICIANDO BACKUP AUTOMÁTICO
2025-11-30 20:14:03,682 - INFO - ======================================================================
2025-11-30 20:14:03,682 - INFO - 📅 Data/Hora: 30/11/2025 20:14:03
2025-11-30 20:14:03,682 - INFO - 📂 Destino: C:\Users\kleiv\Music\App - Simplifica Finanças\backups
2025-11-30 20:14:03,685 - INFO - 
2025-11-30 20:14:03,685 - INFO - 📊 Iniciando backup do banco de dados...
2025-11-30 20:14:04,275 - INFO -    ✓ Banco exportado: 10.68 KB
2025-11-30 20:14:04,275 - INFO - 📁 Iniciando backup de arquivos...
2025-11-30 20:14:10,480 - WARNING -    ⚠ Item não encontrado: static
2025-11-30 20:14:10,713 - INFO -    ✓ 6 itens copiados
2025-11-30 20:14:10,715 - INFO - 📦 Compactando backup...
2025-11-30 20:14:12,146 - INFO -    ✓ Arquivo criado: backup_20251130_201403.zip
2025-11-30 20:14:12,147 - INFO - 🧹 Limpando backups antigos...
2025-11-30 20:14:12,164 - INFO -    ✓ Backups mantidos: 3
2025-11-30 20:14:12,463 - INFO - 
2025-11-30 20:14:12,465 - INFO - ======================================================================
2025-11-30 20:14:12,465 - INFO - ✅ BACKUP CONCLUÍDO COM SUCESSO!
2025-11-30 20:14:12,465 - INFO - ======================================================================
2025-11-30 20:14:12,465 - INFO - 📦 Arquivo: backup_20251130_201403.zip
2025-11-30 20:14:12,467 - INFO - 💾 Tamanho: 46.30 KB
2025-11-30 20:14:12,467 - INFO - 
2025-12-03 19:01:53,065 - INFO - ======================================================================
2025-12-03 19:01:53,067 - INFO - 🔐 INICIANDO BACKUP AUTOMÁTICO
2025-12-03 19:01:53,067 - INFO - ======================================================================
2025-12-03 19:01:53,069 - INFO - 📅 Data/Hora: 03/12/2025 19:01:53
2025-12-03 19:01:53,069 - INFO - 📂 Destino: C:\Users\kleiv\Music\App - Simplifica Finanças\backups
2025-12-03 19:01:53,069 - INFO - 
2025-12-03 19:01:53,069 - INFO - 📊 Iniciando backup do banco de dados...
2025-12-03 19:01:54,513 - INFO -    ✓ Banco exportado: 10.70 KB
2025-12-03 19:01:54,515 - INFO - 📁 Iniciando backup de arquivos...
2025-12-03 19:01:56,770 - WARNING -    ⚠ Item não encontrado: static
2025-12-03 19:01:56,945 - INFO -    ✓ 6 itens copiados
2025-12-03 19:01:56,945 - INFO - 📦 Compactando backup...
2025-12-03 19:01:57,730 - INFO -    ✓ Arquivo criado: backup_20251203_190153.zip
2025-12-03 19:01:57,731 - INFO - 🧹 Limpando backups antigos...
2025-12-03 19:01:57,736 - INFO -    ✓ Backups mantidos: 4
2025-12-03 19:01:57,820 - INFO - 
2025-12-03 19:01:57,820 - INFO - ======================================================================
2025-12-03 19:01:57,820 - INFO - ✅ BACKUP CONCLUÍDO COM SUCESSO!
2025-12-03 19:01:57,820 - INFO - ======================================================================
2025-12-03 19:01:57,822 - INFO - 📦 Arquivo: backup_20251203_190153.zip
2025-12-03 19:01:57,822 - INFO - 💾 Tamanho: 46.32 KB
2025-12-03 19:01:57,822 - INFO - 
2025-12-04 18:54:29,960 - INFO - ======================================================================
2025-12-04 18:54:29,965 - INFO - 🔐 INICIANDO BACKUP AUTOMÁTICO
2025-12-04 18:54:29,965 - INFO - ======================================================================
2025-12-04 18:54:29,965 - INFO - 📅 Data/Hora: 04/12/2025 18:54:29
2025-12-04 18:54:29,965 - INFO - 📂 Destino: C:\Users\kleiv\Music\App - Simplifica Finanças\backups
2025-12-04 18:54:29,965 - INFO - 
2025-12-04 18:54:29,967 - INFO - 📊 Iniciando backup do banco de dados...
2025-12-04 18:54:31,074 - INFO -    ✓ Banco exportado: 11.68 KB
2025-12-04 18:54:31,074 - INFO - 📁 Iniciando backup de arquivos...
2025-12-04 18:54:33,436 - WARNING -    ⚠ Item não encontrado: static
2025-12-04 18:54:33,530 - INFO -    ✓ 6 itens copiados
2025-12-04 18:54:33,532 - INFO - 📦 Compactando backup...
2025-12-04 18:54:34,055 - INFO -    ✓ Arquivo criado: backup_20251204_185429.zip
2025-12-04 18:54:34,057 - INFO - 🧹 Limpando backups antigos...
2025-12-04 18:54:34,065 - INFO -    ✓ Backups mantidos: 5
2025-12-04 18:54:34,131 - INFO - 
2025-12-04 18:54:34,132 - INFO - ======================================================================
2025-12-04 18:54:34,132 - INFO - ✅ BACKUP CONCLUÍDO COM SUCESSO!
2025-12-04 18:54:34,133 - INFO - ======================================================================
2025-12-04 18:54:34,133 - INFO - 📦 Arquivo: backup_20251204_185429.zip
2025-12-04 18:54:34,133 - INFO - 💾 Tamanho: 47.21 KB
2025-12-04 18:54:34,134 - INFO - 
2025-12-05 19:04:08,629 - INFO - ======================================================================
2025-12-05 19:04:08,629 - INFO - 🔐 INICIANDO BACKUP AUTOMÁTICO
2025-12-05 19:04:08,631 - INFO - ======================================================================
2025-12-05 19:04:08,632 - INFO - 📅 Data/Hora: 05/12/2025 19:04:08
2025-12-05 19:04:08,632 - INFO - 📂 Destino: C:\Users\kleiv\Music\App - Simplifica Finanças\backups
2025-12-05 19:04:08,632 - INFO - 
2025-12-05 19:04:08,632 - INFO - 📊 Iniciando backup do banco de dados...
2025-12-05 19:04:12,580 - INFO -    ✓ Banco exportado: 11.68 KB
2025-12-05 19:04:12,582 - INFO - 📁 Iniciando backup de arquivos...
2025-12-05 19:04:18,687 - WARNING -    ⚠ Item não encontrado: static
2025-12-05 19:04:18,799 - INFO -    ✓ 6 itens copiados
2025-12-05 19:04:18,799 - INFO - 📦 Compactando backup...
2025-12-05 19:04:19,493 - INFO -    ✓ Arquivo criado: backup_20251205_190408.zip
2025-12-05 19:04:19,495 - INFO - 🧹 Limpando backups antigos...
2025-12-05 19:04:19,727 - INFO -    ✓ Backups mantidos: 6
2025-12-05 19:04:19,784 - INFO - 
2025-12-05 19:04:19,786 - INFO - ======================================================================
2025-12-05 19:04:19,786 - INFO - ✅ BACKUP CONCLUÍDO COM SUCESSO!
2025-12-05 19:04:19,786 - INFO - ======================================================================
2025-12-05 19:04:19,786 - INFO - 📦 Arquivo: backup_20251205_190408.zip
2025-12-05 19:04:19,786 - INFO - 💾 Tamanho: 47.21 KB
2025-12-05 19:04:19,788 - INFO - 
2025-12-06 14:22:42,147 - INFO - ======================================================================
2025-12-06 14:22:42,150 - INFO - 🔐 INICIANDO BACKUP AUTOMÁTICO
2025-12-06 14:22:42,197 - INFO - ======================================================================
2025-12-06 14:22:42,205 - INFO - 📅 Data/Hora: 06/12/2025 14:22:42
2025-12-06 14:22:42,216 - INFO - 📂 Destino: C:\Users\kleiv\Music\App - Simplifica Finanças\backups
2025-12-06 14:22:42,245 - INFO - 
2025-12-06 14:22:42,253 - INFO - 📊 Iniciando backup do banco de dados...
2025-12-06 14:22:52,603 - INFO -    ✓ Banco exportado: 11.68 KB
2025-12-06 14:22:52,603 - INFO - 📁 Iniciando backup de arquivos...
2025-12-06 14:26:03,727 - WARNING -    ⚠ Item não encontrado: static
2025-12-06 14:26:06,626 - INFO -    ✓ 6 itens copiados
2025-12-06 14:26:06,632 - INFO - 📦 Compactando backup...
2025-12-06 14:26:09,157 - INFO -    ✓ Arquivo criado: backup_20251206_142242.zip
2025-12-06 14:26:09,169 - INFO - 🧹 Limpando backups antigos...
2025-12-06 14:26:09,219 - INFO -    ✓ Backups mantidos: 7
2025-12-06 14:26:09,315 - INFO - 
2025-12-06 14:26:09,315 - INFO - ======================================================================
2025-12-06 14:26:09,317 - INFO - ✅ BACKUP CONCLUÍDO COM SUCESSO!
2025-12-06 14:26:09,317 - INFO - ======================================================================
2025-12-06 14:26:09,317 - INFO - 📦 Arquivo: backup_20251206_142242.zip
2025-12-06 14:26:09,319 - INFO - 💾 Tamanho: 47.21 KB
2025-12-06 14:26:09,319 - INFO - 
2025-12-07 09:45:59,029 - INFO - ======================================================================
2025-12-07 09:45:59,029 - INFO - 🔐 INICIANDO BACKUP AUTOMÁTICO
2025-12-07 09:45:59,031 - INFO - ======================================================================
2025-12-07 09:45:59,031 - INFO - 📅 Data/Hora: 07/12/2025 09:45:59
2025-12-07 09:45:59,031 - INFO - 📂 Destino: C:\Users\kleiv\Music\App - Simplifica Finanças\backups
2025-12-07 09:45:59,031 - INFO - 
2025-12-07 09:45:59,031 - INFO - 📊 Iniciando backup do banco de dados...
2025-12-07 09:46:00,671 - INFO -    ✓ Banco exportado: 11.68 KB
2025-12-07 09:46:00,671 - INFO - 📁 Iniciando backup de arquivos...
2025-12-07 09:46:02,665 - WARNING -    ⚠ Item não encontrado: static
2025-12-07 09:46:02,823 - INFO -    ✓ 6 itens copiados
2025-12-07 09:46:02,823 - INFO - 📦 Compactando backup...
2025-12-07 09:46:04,811 - INFO -    ✓ Arquivo criado: backup_20251207_094559.zip
2025-12-07 09:46:04,814 - INFO - 🧹 Limpando backups antigos...
2025-12-07 09:46:04,910 - INFO -    ✓ Removido (limite): backup_20251130_194545.zip
2025-12-07 09:46:04,911 - INFO -    ✓ Backups mantidos: 7
2025-12-07 09:46:04,943 - INFO - 
2025-12-07 09:46:04,943 - INFO - ======================================================================
2025-12-07 09:46:04,943 - INFO - ✅ BACKUP CONCLUÍDO COM SUCESSO!
2025-12-07 09:46:04,943 - INFO - ======================================================================
2025-12-07 09:46:04,943 - INFO - 📦 Arquivo: backup_20251207_094559.zip
2025-12-07 09:46:04,943 - INFO - 💾 Tamanho: 48.61 KB
2025-12-07 09:46:04,947 - INFO - 
2025-12-09 18:55:41,564 - INFO - ======================================================================
2025-12-09 18:55:41,568 - INFO - 🔐 INICIANDO BACKUP AUTOMÁTICO
2025-12-09 18:55:41,568 - INFO - ======================================================================
2025-12-09 18:55:41,568 - INFO - 📅 Data/Hora: 09/12/2025 18:55:41
2025-12-09 18:55:41,568 - INFO - 📂 Destino: C:\Users\kleiv\Music\App - Simplifica Finanças\backups
2025-12-09 18:55:41,568 - INFO - 
2025-12-09 18:55:41,570 - INFO - 📊 Iniciando backup do banco de dados...
2025-12-09 18:55:44,102 - INFO -    ✓ Banco exportado: 11.68 KB
2025-12-09 18:55:44,102 - INFO - 📁 Iniciando backup de arquivos...
2025-12-09 18:55:46,615 - WARNING -    ⚠ Item não encontrado: static
2025-12-09 18:55:47,333 - INFO -    ✓ 6 itens copiados
2025-12-09 18:55:47,334 - INFO - 📦 Compactando backup...
2025-12-09 18:55:48,673 - INFO -    ✓ Arquivo criado: backup_20251209_185541.zip
2025-12-09 18:55:48,675 - INFO - 🧹 Limpando backups antigos...
2025-12-09 18:55:48,731 - INFO -    ✓ Removido (limite): backup_20251130_200024.zip
2025-12-09 18:55:48,742 - INFO -    ✓ Backups mantidos: 7
2025-12-09 18:55:48,783 - INFO - 
2025-12-09 18:55:48,783 - INFO - ======================================================================
2025-12-09 18:55:48,784 - INFO - ✅ BACKUP CONCLUÍDO COM SUCESSO!
2025-12-09 18:55:48,784 - INFO - ======================================================================
2025-12-09 18:55:48,784 - INFO - 📦 Arquivo: backup_20251209_185541.zip
2025-12-09 18:55:48,785 - INFO - 💾 Tamanho: 48.90 KB
2025-12-09 18:55:48,785 - INFO - 
2025-12-10 08:32:41,893 - INFO - ======================================================================
2025-12-10 08:32:41,893 - INFO - 🔐 INICIANDO BACKUP AUTOMÁTICO
2025-12-10 08:32:41,897 - INFO - ======================================================================
2025-12-10 08:32:41,897 - INFO - 📅 Data/Hora: 10/12/2025 08:32:41
2025-12-10 08:32:41,899 - INFO - 📂 Destino: C:\Users\kleiv\Music\App - Simplifica Finanças\backups
2025-12-10 08:32:41,899 - INFO - 
2025-12-10 08:32:41,900 - INFO - 📊 Iniciando backup do banco de dados...
2025-12-10 08:32:44,723 - INFO -    ✓ Banco exportado: 11.68 KB
2025-12-10 08:32:44,723 - INFO - 📁 Iniciando backup de arquivos...
2025-12-10 08:32:47,162 - WARNING -    ⚠ Item não encontrado: static
2025-12-10 08:32:47,384 - INFO -    ✓ 6 itens copiados
2025-12-10 08:32:47,386 - INFO - 📦 Compactando backup...
2025-12-10 08:32:47,964 - INFO -    ✓ Arquivo criado: backup_20251210_083241.zip
2025-12-10 08:32:47,967 - INFO - 🧹 Limpando backups antigos...
2025-12-10 08:32:48,004 - INFO -    ✓ Removido (limite): backup_20251130_201403.zip
2025-12-10 08:32:48,028 - INFO -    ✓ Backups mantidos: 7
2025-12-10 08:32:48,058 - INFO - 
2025-12-10 08:32:48,058 - INFO - ======================================================================
2025-12-10 08:32:48,058 - INFO - ✅ BACKUP CONCLUÍDO COM SUCESSO!
2025-12-10 08:32:48,058 - INFO - ======================================================================
2025-12-10 08:32:48,058 - INFO - 📦 Arquivo: backup_20251210_083241.zip
2025-12-10 08:32:48,060 - INFO - 💾 Tamanho: 48.90 KB
2025-12-10 08:32:48,060 - INFO - 
2025-12-12 11:08:21,905 - INFO - ======================================================================
2025-12-12 11:08:21,906 - INFO - 🔐 INICIANDO BACKUP AUTOMÁTICO
2025-12-12 11:08:21,906 - INFO - ======================================================================
2025-12-12 11:08:21,908 - INFO - 📅 Data/Hora: 12/12/2025 11:08:21
2025-12-12 11:08:21,908 - INFO - 📂 Destino: C:\Users\kleiv\Music\App - Simplifica Finanças\backups
2025-12-12 11:08:21,908 - INFO - 
2025-12-12 11:08:21,908 - INFO - 📊 Iniciando backup do banco de dados...
2025-12-12 11:08:23,754 - INFO -    ✓ Banco exportado: 11.68 KB
2025-12-12 11:08:23,755 - INFO - 📁 Iniciando backup de arquivos...
2025-12-12 11:08:31,388 - WARNING -    ⚠ Item não encontrado: static
2025-12-12 11:08:31,743 - INFO -    ✓ 6 itens copiados
2025-12-12 11:08:31,746 - INFO - 📦 Compactando backup...
2025-12-12 11:08:34,866 - INFO -    ✓ Arquivo criado: backup_20251212_110821.zip
2025-12-12 11:08:34,908 - INFO - 🧹 Limpando backups antigos...
2025-12-12 11:08:35,368 - INFO -    ✓ Removido (limite): backup_20251203_190153.zip
2025-12-12 11:08:35,387 - INFO -    ✓ Backups mantidos: 7
2025-12-12 11:08:35,421 - INFO - 
2025-12-12 11:08:35,423 - INFO - ======================================================================
2025-12-12 11:08:35,423 - INFO - ✅ BACKUP CONCLUÍDO COM SUCESSO!
2025-12-12 11:08:35,423 - INFO - ======================================================================
2025-12-12 11:08:35,423 - INFO - 📦 Arquivo: backup_20251212_110821.zip
2025-12-12 11:08:35,425 - INFO - 💾 Tamanho: 48.90 KB
2025-12-12 11:08:35,426 - INFO - 
2025-12-13 09:22:10,357 - INFO - ======================================================================
2025-12-13 09:22:10,360 - INFO - 🔐 INICIANDO BACKUP AUTOMÁTICO
2025-12-13 09:22:10,360 - INFO - ======================================================================
2025-12-13 09:22:10,360 - INFO - 📅 Data/Hora: 13/12/2025 09:22:10
2025-12-13 09:22:10,360 - INFO - 📂 Destino: C:\Users\kleiv\Music\App - Simplifica Finanças\backups
2025-12-13 09:22:10,362 - INFO - 
2025-12-13 09:22:10,362 - INFO - 📊 Iniciando backup do banco de dados...
2025-12-13 09:22:12,269 - INFO -    ✓ Banco exportado: 11.68 KB
2025-12-13 09:22:12,272 - INFO - 📁 Iniciando backup de arquivos...
2025-12-13 09:22:16,065 - WARNING -    ⚠ Item não encontrado: static
2025-12-13 09:22:16,619 - INFO -    ✓ 6 itens copiados
2025-12-13 09:22:16,621 - INFO - 📦 Compactando backup...
2025-12-13 09:22:20,123 - INFO -    ✓ Arquivo criado: backup_20251213_092210.zip
2025-12-13 09:22:20,130 - INFO - 🧹 Limpando backups antigos...
2025-12-13 09:22:20,492 - INFO -    ✓ Removido (limite): backup_20251204_185429.zip
2025-12-13 09:22:20,513 - INFO -    ✓ Backups mantidos: 7
2025-12-13 09:22:20,596 - INFO - 
2025-12-13 09:22:20,609 - INFO - ======================================================================
2025-12-13 09:22:20,620 - INFO - ✅ BACKUP CONCLUÍDO COM SUCESSO!
2025-12-13 09:22:20,653 - INFO - ======================================================================
2025-12-13 09:22:20,657 - INFO - 📦 Arquivo: backup_20251213_092210.zip
2025-12-13 09:22:20,701 - INFO - 💾 Tamanho: 48.90 KB
2025-12-13 09:22:20,710 - INFO - 
